Arguments: 
  /home/zacarias/.nvm/versions/node/v14.16.1/bin/node /usr/share/yarn/bin/yarn.js start

PATH: 
  /home/zacarias/.nvm/versions/node/v14.16.1/bin:/usr/local/sbin:/usr/local/bin:/usr/sbin:/usr/bin:/sbin:/bin:/usr/games:/usr/local/games:/snap/bin

Yarn version: 
  1.22.5

Node version: 
  14.16.1

Platform: 
  linux x64

Trace: 
  SyntaxError: /home/zacarias/Documentos/Projeto-Estudos/Bite-Banking/package.json: Unexpected token / in JSON at position 185
      at JSON.parse (<anonymous>)
      at /usr/share/yarn/lib/cli.js:1625:59
      at Generator.next (<anonymous>)
      at step (/usr/share/yarn/lib/cli.js:310:30)
      at /usr/share/yarn/lib/cli.js:321:13

npm manifest: 
  {
    "name": "bytebanking",
    "version": "1.0.0",
    "description": "Projeto do bytebanking para seus clientes",
    "main": "index.js",
    "license": "MIT",
    "author": "Lucas Zacarias",
    // "type": "module",
    "scripts": {
      "start": "node index.js"
    }
  }

yarn manifest: 
  No manifest

Lockfile: 
  No lockfile
